<?xml version="1.0" encoding="UTF-8"?>
<!-- Generated by org.testng.reporters.JUnitXMLReporter -->
<testsuite hostname="Nas" ignored="1" name="Test" tests="2" failures="0" timestamp="2021-12-07T23:48:46 EST" time="3.318" errors="0">
  <testcase name="jsonManupulation" time="0.019" classname="reqres.YouTubePOST"/>
  <testcase name="reqResGetUsers" time="3.254" classname="reqres.TestApi"/>
  <testcase name="postYouTube" time="0.0" classname="reqres.YouTubePOST">
    <ignored/>
  </testcase> <!-- postYouTube -->
</testsuite> <!-- Test -->
